<?xml version="1.0" encoding="UTF-8"?>
<!-- Generated by org.testng.reporters.JUnitReportReporter -->
<testsuite hostname="HW0737" failures="0" tests="1" name="com.amazon.Testcases.TestCase2" time="18.127" errors="0" timestamp="2022-10-05T23:42:52 IST" skipped="0">
  <testcase classname="com.amazon.Testcases.TestCase2" name="verifySortingOrder" time="18.127"/>
  <system-out/>
</testsuite> <!-- com.amazon.Testcases.TestCase2 -->
