<?xml version="1.0" encoding="UTF-8"?>
<!-- Generated by org.testng.reporters.JUnitReportReporter -->
<testsuite hostname="HW0737" failures="0" tests="1" name="com.amazon.Testcases.TestCase3" time="40.359" errors="0" timestamp="2022-10-05T23:42:52 IST" skipped="0">
  <testcase classname="com.amazon.Testcases.TestCase3" name="verifySignInScreen" time="40.359"/>
  <system-out/>
</testsuite> <!-- com.amazon.Testcases.TestCase3 -->
